This file contains any messages produced by compilers while
running configure, to aid debugging if configure makes a mistake.

It was created by bspline_2d configure 1.0, which was
generated by GNU Autoconf 2.68.  Invocation command line was

  $ ./configure --with-cuda=/usr/local/cuda4/cuda --with-cuda-sdk=/usr/local/cuda4/computingSDK --with-compiler-dir=/opt/gcc/4.4.6/bin --with-magma-dir=/usr/local/src/magma_1.0.0 --with-mumps-dir=/kylo/programy/CAD/MUMPS_4.9.2 --with-single-precision=no

## --------- ##
## Platform. ##
## --------- ##

hostname = kylo
uname -m = x86_64
uname -r = 2.6.37.6
uname -s = Linux
uname -v = #3 SMP Sat Apr 9 22:49:32 CDT 2011

/usr/bin/uname -p = Intel(R) Core(TM)2 Duo CPU     E8500  @ 3.16GHz
/bin/uname -X     = unknown

/bin/arch              = x86_64
/usr/bin/arch -k       = unknown
/usr/convex/getsysinfo = unknown
/usr/bin/hostinfo      = unknown
/bin/machine           = unknown
/usr/bin/oslevel       = unknown
/bin/universe          = unknown

PATH: /sbin
PATH: /usr/sbin
PATH: /usr/local/bin
PATH: /usr/bin
PATH: /bin
PATH: /usr/games
PATH: /opt/jdk1.6.0_27//bin
PATH: /usr/lib64/kde4/libexec
PATH: /usr/lib64/qt/bin
PATH: /usr/share/texmf/bin
PATH: .


## ----------- ##
## Core tests. ##
## ----------- ##

configure:1846: checking for g++
configure:1862: found /usr/bin/g++
configure:1873: result: g++
configure:1900: checking for C++ compiler version
configure:1909: g++ --version >&5
g++ (GCC) 4.5.2
Copyright (C) 2010 Free Software Foundation, Inc.
This is free software; see the source for copying conditions.  There is NO
warranty; not even for MERCHANTABILITY or FITNESS FOR A PARTICULAR PURPOSE.

configure:1920: $? = 0
configure:1909: g++ -v >&5
Reading specs from /usr/lib64/gcc/x86_64-slackware-linux/4.5.2/specs
COLLECT_GCC=g++
COLLECT_LTO_WRAPPER=/usr/libexec/gcc/x86_64-slackware-linux/4.5.2/lto-wrapper
Target: x86_64-slackware-linux
Configured with: ../gcc-4.5.2/configure --prefix=/usr --libdir=/usr/lib64 --mandir=/usr/man --infodir=/usr/info --enable-shared --enable-bootstrap --enable-languages=c,c++,ada,fortran,java,objc,lto --enable-threads=posix --enable-checking=release --with-system-zlib --with-python-dir=/lib64/python2.6/site-packages --disable-libunwind-exceptions --enable-__cxa_atexit --enable-libssp --enable-lto --with-gnu-ld --verbose --enable-multilib --target=x86_64-slackware-linux --build=x86_64-slackware-linux --host=x86_64-slackware-linux
Thread model: posix
gcc version 4.5.2 (GCC) 
configure:1920: $? = 0
configure:1909: g++ -V >&5
g++: '-V' option must have argument
configure:1920: $? = 1
configure:1909: g++ -qversion >&5
g++: unrecognized option '-qversion'
g++: no input files
configure:1920: $? = 1
configure:1940: checking whether the C++ compiler works
configure:1962: g++    conftest.cpp  >&5
configure:1966: $? = 0
configure:2014: result: yes
configure:2017: checking for C++ compiler default output file name
configure:2019: result: a.out
configure:2025: checking for suffix of executables
configure:2032: g++ -o conftest    conftest.cpp  >&5
configure:2036: $? = 0
configure:2058: result: 
configure:2080: checking whether we are cross compiling
configure:2088: g++ -o conftest    conftest.cpp  >&5
configure:2092: $? = 0
configure:2099: ./conftest
configure:2103: $? = 0
configure:2118: result: no
configure:2123: checking for suffix of object files
configure:2145: g++ -c   conftest.cpp >&5
configure:2149: $? = 0
configure:2170: result: o
configure:2174: checking whether we are using the GNU C++ compiler
configure:2193: g++ -c   conftest.cpp >&5
configure:2193: $? = 0
configure:2202: result: yes
configure:2211: checking whether g++ accepts -g
configure:2231: g++ -c -g  conftest.cpp >&5
configure:2231: $? = 0
configure:2272: result: yes
configure:2341: checking for a BSD-compatible install
configure:2409: result: /usr/bin/ginstall -c
configure:2420: checking whether build environment is sane
configure:2470: result: yes
configure:2611: checking for a thread-safe mkdir -p
configure:2650: result: /usr/bin/mkdir -p
configure:2663: checking for gawk
configure:2679: found /usr/bin/gawk
configure:2690: result: gawk
configure:2701: checking whether make sets $(MAKE)
configure:2723: result: yes
configure:2753: checking for style of include used by make
configure:2781: result: GNU
configure:2866: checking dependency style of g++
configure:2976: result: gcc3
configure:3217: creating ./config.status

## ---------------------- ##
## Running config.status. ##
## ---------------------- ##

This file was extended by bspline_2d config.status 1.0, which was
generated by GNU Autoconf 2.68.  Invocation command line was

  CONFIG_FILES    = 
  CONFIG_HEADERS  = 
  CONFIG_LINKS    = 
  CONFIG_COMMANDS = 
  $ ./config.status 

on kylo

config.status:857: creating Makefile
config.status:857: creating src/Makefile
config.status:857: creating include/config.h
config.status:1038: include/config.h is unchanged
config.status:1086: executing depfiles commands

## ---------------- ##
## Cache variables. ##
## ---------------- ##

ac_cv_cxx_compiler_gnu=yes
ac_cv_env_CCC_set=
ac_cv_env_CCC_value=
ac_cv_env_CPPFLAGS_set=
ac_cv_env_CPPFLAGS_value=
ac_cv_env_CXXFLAGS_set=
ac_cv_env_CXXFLAGS_value=
ac_cv_env_CXX_set=
ac_cv_env_CXX_value=
ac_cv_env_LDFLAGS_set=
ac_cv_env_LDFLAGS_value=
ac_cv_env_LIBS_set=
ac_cv_env_LIBS_value=
ac_cv_env_build_alias_set=
ac_cv_env_build_alias_value=
ac_cv_env_host_alias_set=
ac_cv_env_host_alias_value=
ac_cv_env_target_alias_set=
ac_cv_env_target_alias_value=
ac_cv_objext=o
ac_cv_path_install='/usr/bin/ginstall -c'
ac_cv_path_mkdir=/usr/bin/mkdir
ac_cv_prog_AWK=gawk
ac_cv_prog_ac_ct_CXX=g++
ac_cv_prog_cxx_g=yes
ac_cv_prog_make_make_set=yes
am_cv_CXX_dependencies_compiler_type=gcc3

## ----------------- ##
## Output variables. ##
## ----------------- ##

ACLOCAL='${SHELL} /kylo/programy/CAD/bspline_2d/code/missing --run aclocal-1.11'
AMDEPBACKSLASH='\'
AMDEP_FALSE='#'
AMDEP_TRUE=''
AMTAR='${SHELL} /kylo/programy/CAD/bspline_2d/code/missing --run tar'
AUTOCONF='${SHELL} /kylo/programy/CAD/bspline_2d/code/missing --run autoconf'
AUTOHEADER='${SHELL} /kylo/programy/CAD/bspline_2d/code/missing --run autoheader'
AUTOMAKE='${SHELL} /kylo/programy/CAD/bspline_2d/code/missing --run automake-1.11'
AWK='gawk'
CPPFLAGS=''
CXX='/opt/gcc/4.4.6/bin/g++'
CXXDEPMODE='depmode=gcc3'
CXXFLAGS='-g -O2'
CYGPATH_W='echo'
DEFS='-DHAVE_CONFIG_H'
DEPDIR='.deps'
ECHO_C=''
ECHO_N='-n'
ECHO_T=''
EXEEXT=''
INSTALL_DATA='${INSTALL} -m 644'
INSTALL_PROGRAM='${INSTALL}'
INSTALL_SCRIPT='${INSTALL}'
INSTALL_STRIP_PROGRAM='$(install_sh) -c -s'
LDFLAGS=''
LIBOBJS=''
LIBS=''
LTLIBOBJS=''
MAKEINFO='${SHELL} /kylo/programy/CAD/bspline_2d/code/missing --run makeinfo'
MKDIR_P='/usr/bin/mkdir -p'
NVCC='/usr/local/cuda4/cuda/bin/nvcc'
NVCCFLAGS='-gencode arch=compute_20,\"code=sm_20,compute_20\" --compiler-bindir /opt/gcc/4.4.6/bin -Xcompiler "-Wall" --ptxas-options="-v"'
OBJEXT='o'
PACKAGE='bspline_2d'
PACKAGE_BUGREPORT=''
PACKAGE_NAME='bspline_2d'
PACKAGE_STRING='bspline_2d 1.0'
PACKAGE_TARNAME='bspline_2d'
PACKAGE_URL=''
PACKAGE_VERSION='1.0'
PATH_SEPARATOR=':'
SET_MAKE=''
SHELL='/bin/sh'
STRIP=''
VERSION='1.0'
ac_ct_CXX='g++'
am__EXEEXT_FALSE=''
am__EXEEXT_TRUE='#'
am__fastdepCXX_FALSE='#'
am__fastdepCXX_TRUE=''
am__include='include'
am__isrc=''
am__leading_dot='.'
am__quote=''
am__tar='${AMTAR} chof - "$$tardir"'
am__untar='${AMTAR} xf -'
bindir='${exec_prefix}/bin'
build_alias=''
cuda_CPPFLAGS='-I/usr/local/cuda4/computingSDK/C/common/inc'
cuda_LIBS='-lcublas -lcuda'
datadir='${datarootdir}'
datarootdir='${prefix}/share'
docdir='${datarootdir}/doc/${PACKAGE_TARNAME}'
dvidir='${docdir}'
exec_prefix='${prefix}'
host_alias=''
htmldir='${docdir}'
includedir='${prefix}/include'
infodir='${datarootdir}/info'
install_sh='${SHELL} /kylo/programy/CAD/bspline_2d/code/install-sh'
lapack_LIBS='-llapack'
libdir='${exec_prefix}/lib'
libexecdir='${exec_prefix}/libexec'
localedir='${datarootdir}/locale'
localstatedir='${prefix}/var'
magma_CPPFLAGS='-I/usr/local/src/magma_1.0.0/include'
magma_LIBS='-L/usr/local/src/magma_1.0.0/lib -lmagma -lmagmablas -lmagma'
mandir='${datarootdir}/man'
mkdir_p='/usr/bin/mkdir -p'
mumps_CPPFLAGS='-I/kylo/programy/CAD/MUMPS_4.9.2/include'
mumps_LIBS='-L/kylo/programy/CAD/MUMPS_4.9.2/lib -L/kylo/programy/CAD/MUMPS_4.9.2/libseq -ldmumps -lmpiseq -lmumps_common -lpord -lblas -lpthread -lgfortran'
oldincludedir='/usr/include'
pdfdir='${docdir}'
prefix='/usr/local'
program_transform_name='s,x,x,'
psdir='${docdir}'
sbindir='${exec_prefix}/sbin'
sharedstatedir='${prefix}/com'
sysconfdir='${prefix}/etc'
target_alias=''

## ----------- ##
## confdefs.h. ##
## ----------- ##

/* confdefs.h */
#define PACKAGE_NAME "bspline_2d"
#define PACKAGE_TARNAME "bspline_2d"
#define PACKAGE_VERSION "1.0"
#define PACKAGE_STRING "bspline_2d 1.0"
#define PACKAGE_BUGREPORT ""
#define PACKAGE_URL ""
#define PACKAGE "bspline_2d"
#define VERSION "1.0"
#define FEM_PRECISION double

configure: exit 0
